2015-05-21 18:26:31,522 0      [   ModalContext] WARN  ate.util.JDBCExceptionReporter  - SQL Error: 0, SQLState: null
2015-05-21 18:26:31,525 3      [   ModalContext] ERROR ate.util.JDBCExceptionReporter  - Cannot load JDBC driver class 'com.mysql.jdbc.Driver'
2015-05-21 18:26:31,526 4      [   ModalContext] WARN  .hibernate.cfg.SettingsFactory  - Could not obtain connection metadata
org.apache.commons.dbcp.SQLNestedException: Cannot load JDBC driver class 'com.mysql.jdbc.Driver'
	at org.apache.commons.dbcp.BasicDataSource.createDataSource(BasicDataSource.java:1136)
	at org.apache.commons.dbcp.BasicDataSource.getConnection(BasicDataSource.java:880)
	at org.springframework.orm.hibernate3.LocalDataSourceConnectionProvider.getConnection(LocalDataSourceConnectionProvider.java:82)
	at org.hibernate.cfg.SettingsFactory.buildSettings(SettingsFactory.java:84)
	at org.hibernate.cfg.Configuration.buildSettings(Configuration.java:2009)
	at org.hibernate.cfg.Configuration.buildSessionFactory(Configuration.java:1292)
	at org.springframework.orm.hibernate3.LocalSessionFactoryBean.newSessionFactory(LocalSessionFactoryBean.java:814)
	at org.springframework.orm.hibernate3.LocalSessionFactoryBean.buildSessionFactory(LocalSessionFactoryBean.java:732)
	at org.springframework.orm.hibernate3.AbstractSessionFactoryBean.afterPropertiesSet(AbstractSessionFactoryBean.java:211)
	at org.springframework.beans.factory.support.AbstractAutowireCapableBeanFactory.invokeInitMethods(AbstractAutowireCapableBeanFactory.java:1369)
	at org.springframework.beans.factory.support.AbstractAutowireCapableBeanFactory.initializeBean(AbstractAutowireCapableBeanFactory.java:1335)
	at org.springframework.beans.factory.support.AbstractAutowireCapableBeanFactory.doCreateBean(AbstractAutowireCapableBeanFactory.java:473)
	at org.springframework.beans.factory.support.AbstractAutowireCapableBeanFactory$1.run(AbstractAutowireCapableBeanFactory.java:409)
	at java.security.AccessController.doPrivileged(Native Method)
	at org.springframework.beans.factory.support.AbstractAutowireCapableBeanFactory.createBean(AbstractAutowireCapableBeanFactory.java:380)
	at org.springframework.beans.factory.support.AbstractBeanFactory$1.getObject(AbstractBeanFactory.java:264)
	at org.springframework.beans.factory.support.DefaultSingletonBeanRegistry.getSingleton(DefaultSingletonBeanRegistry.java:222)
	at org.springframework.beans.factory.support.AbstractBeanFactory.doGetBean(AbstractBeanFactory.java:261)
	at org.springframework.beans.factory.support.AbstractBeanFactory.getBean(AbstractBeanFactory.java:185)
	at org.springframework.beans.factory.support.AbstractBeanFactory.getBean(AbstractBeanFactory.java:164)
	at org.springframework.beans.factory.support.DefaultListableBeanFactory.preInstantiateSingletons(DefaultListableBeanFactory.java:423)
	at com.genuitec.eclipse.hibernate.tool.MEFileSystemXmlApplicationContext$1.preInstantiateSingletons(MEFileSystemXmlApplicationContext.java:85)
	at org.springframework.context.support.AbstractApplicationContext.finishBeanFactoryInitialization(AbstractApplicationContext.java:728)
	at org.springframework.context.support.AbstractApplicationContext.refresh(AbstractApplicationContext.java:380)
	at com.genuitec.eclipse.hibernate.tool.MEFileSystemXmlApplicationContext.<init>(MEFileSystemXmlApplicationContext.java:32)
	at com.genuitec.eclipse.hibernate.wizards.MEConsoleConfiguration$1.execute(MEConsoleConfiguration.java:165)
	at org.hibernate.console.execution.DefaultExecutionContext.execute(DefaultExecutionContext.java:64)
	at com.genuitec.eclipse.hibernate.wizards.MEConsoleConfiguration.buildWith(MEConsoleConfiguration.java:161)
	at org.hibernate.console.ConsoleConfiguration.build(ConsoleConfiguration.java:113)
	at com.genuitec.eclipse.hibernate.action.MERefreshCCAction$1.run(MERefreshCCAction.java:93)
	at org.eclipse.jface.operation.ModalContext$ModalContextThread.run(ModalContext.java:121)
Caused by: java.lang.ClassNotFoundException: com.mysql.jdbc.Driver
	at org.eclipse.osgi.internal.loader.BundleLoader.findClassInternal(BundleLoader.java:513)
	at org.eclipse.osgi.internal.loader.BundleLoader.findClass(BundleLoader.java:429)
	at org.eclipse.osgi.internal.loader.BundleLoader.findClass(BundleLoader.java:417)
	at org.eclipse.osgi.internal.baseadaptor.DefaultClassLoader.loadClass(DefaultClassLoader.java:107)
	at java.lang.ClassLoader.loadClass(ClassLoader.java:247)
	at java.lang.Class.forName0(Native Method)
	at java.lang.Class.forName(Class.java:171)
	at org.apache.commons.dbcp.BasicDataSource.createDataSource(BasicDataSource.java:1130)
	... 30 more
